Arguments: 
  /usr/local/bin/node /usr/local/bin/yarn test

PATH: 
  /usr/local/opt/gnupg@2.0/bin:node_modules/.bin:/usr/local/bin:/usr/local/sbin:/usr/bin:/bin:/usr/sbin:/sbin:/Users/aalmeida/.yadr/bin:/Users/aalmeida/.yadr/bin/yadr:/Users/aalmeida/tizen-studio/tools/ide/bin:/Users/aalmeida/tizen-studio/tools:/Users/aalmeida/Documents:/opt/webOS_TV_SDK/CLI/bin

Yarn version: 
  0.27.5

Node version: 
  6.11.0

Platform: 
  darwin x64

npm manifest: 
  {
    "name": "javaTest",
    "version": "1.0.0",
    "main": "index.js",
    "author": "aalmeida",
    "license": "MIT",
    "devDependencies": {
      "babel-core": "^6.26.0",
      "babel-plugin-check-es2015-constants": "^6.22.0",
      "babel-plugin-transform-es2015-arrow-functions": "^6.22.0",
      "babel-plugin-transform-es2015-block-scoping": "^6.26.0",
      "babel-preset-env": "^1.6.1",
      "babel-preset-es2015": "^6.24.1",
      "babel-preset-react": "^6.24.1",
      "babel-preset-stage-2": "^6.24.1",
      "mocha": "^4.0.1",
      "mocha-webpack": "^1.0.1",
      "sinon": "^4.1.3",
      "webpack": "^3.10.0"
    }
    "scripts": {
      test": "NODE_PATH=./ mocha-webpack --growl"
    }
  }

yarn manifest: 
  No manifest

Lockfile: 
  No lockfile

Trace: 
  SyntaxError: /Users/aalmeida/Documents/TW_Projects/GloboSmartTV/ShieldProject/javaTest/package.json: Unexpected string in JSON at position 600
      at Object.parse (native)
      at /usr/local/lib/node_modules/yarn/lib/util/fs.js:554:57
      at next (native)
      at step (/usr/local/lib/node_modules/yarn/node_modules/babel-runtime/helpers/asyncToGenerator.js:17:30)
      at /usr/local/lib/node_modules/yarn/node_modules/babel-runtime/helpers/asyncToGenerator.js:28:13
